2026-05-30 15:00:49 [INFO] 开始执行完整流水线 comic_type=小林漫画 topic=解决也需要一点喘息 count=1 skip_publish=False
2026-05-30 15:00:49 [INFO] 开始规划漫画：type=小林漫画 topic=解决也需要一点喘息 count=1
2026-05-30 15:00:51 [INFO] 文本模型返回成功，开始清洗 JSON
2026-05-30 15:00:51 [INFO] 漫画规划完成，plan_path=C:\Users\a\.openclaw\skills\xiaolin\output\20260530_150049_xiaolin\plan.json
2026-05-30 15:00:51 [INFO] 开始生成图片 index=1 prompt=小林漫画风格，水彩简笔画，都市背景，一位年轻女性坐在公园长椅上，闭着眼微微仰头，阳光透过树叶洒在脸上，周围有绿树和淡淡光影，留白多，治愈感强，画面简洁，无文字。
2026-05-30 15:00:51 [INFO] 提交 DashScope 生图任务，model=wanx-v1 family=legacy endpoint=/services/aigc/text2image/image-synthesis
2026-05-30 15:00:52 [INFO] DashScope 任务轮询 task_id=e576124f-96ad-4621-86e6-aeb24825875e status=RUNNING
2026-05-30 15:01:02 [INFO] DashScope 任务轮询 task_id=e576124f-96ad-4621-86e6-aeb24825875e status=RUNNING
2026-05-30 15:01:12 [INFO] DashScope 任务轮询 task_id=e576124f-96ad-4621-86e6-aeb24825875e status=RUNNING
2026-05-30 15:01:23 [INFO] DashScope 任务轮询 task_id=e576124f-96ad-4621-86e6-aeb24825875e status=SUCCEEDED
2026-05-30 15:01:23 [INFO] 叠字完成，font=C:\Windows\Fonts\simhei.ttf image=C:\Users\a\.openclaw\skills\xiaolin\output\20260530_150049_xiaolin\images\01.png
2026-05-30 15:01:23 [INFO] 漫画图片生成完成，manifest_path=C:\Users\a\.openclaw\skills\xiaolin\output\20260530_150049_xiaolin\manifest.json
2026-05-30 15:01:23 [INFO] Markdown 文章已生成，md_path=C:\Users\a\.openclaw\skills\xiaolin\output\20260530_150049_xiaolin\article.md
2026-05-30 15:01:23 [INFO] 封面图压缩完成，size_kb=52.55
2026-05-30 15:01:23 [INFO] 发布素材信息已写入，assets_path=C:\Users\a\.openclaw\skills\xiaolin\output\20260530_150049_xiaolin\publish_assets.json
2026-05-30 15:01:24 [INFO] 微信 access_token 获取成功，已写入缓存
2026-05-30 15:01:25 [INFO] 文章 HTML 已生成，final_html_path=C:\Users\a\.openclaw\skills\xiaolin\output\20260530_150049_xiaolin\final.html
2026-05-30 15:01:25 [INFO] 命中本地 access_token 缓存
2026-05-30 15:01:29 [INFO] 草稿已创建，media_id=xbabC8InamrEBOKVzPUTWUvQWI3YGjHpyk7bWSkyCMDGW0tgmvjrV4IIXmd3ZWtb
2026-05-30 15:01:29 [INFO] 流水线执行完成并成功发布 output_dir=C:\Users\a\.openclaw\skills\xiaolin\output\20260530_150049_xiaolin draft_id=xbabC8InamrEBOKVzPUTWUvQWI3YGjHpyk7bWSkyCMDGW0tgmvjrV4IIXmd3ZWtb
